0 info it worked if it ends with ok
1 verbose cli [ 'node', '/usr/local/bin/npm', 'install', '-g', 'gulp-cli' ]
2 info using npm@1.4.21
3 info using node@v0.10.30
4 verbose cache add [ 'gulp-cli', null ]
5 verbose cache add name=undefined spec="gulp-cli" args=["gulp-cli",null]
6 verbose parsed url { protocol: null,
6 verbose parsed url   slashes: null,
6 verbose parsed url   auth: null,
6 verbose parsed url   host: null,
6 verbose parsed url   port: null,
6 verbose parsed url   hostname: null,
6 verbose parsed url   hash: null,
6 verbose parsed url   search: null,
6 verbose parsed url   query: null,
6 verbose parsed url   pathname: 'gulp-cli',
6 verbose parsed url   path: 'gulp-cli',
6 verbose parsed url   href: 'gulp-cli' }
7 silly lockFile e23a8be8-gulp-cli gulp-cli
8 verbose lock gulp-cli /Users/jason.carter.martin/.npm/e23a8be8-gulp-cli.lock
9 silly lockFile e23a8be8-gulp-cli gulp-cli
10 silly lockFile e23a8be8-gulp-cli gulp-cli
11 verbose addNamed [ 'gulp-cli', '' ]
12 verbose addNamed [ null, '*' ]
13 silly lockFile dd34a9c8-gulp-cli gulp-cli@
14 verbose lock gulp-cli@ /Users/jason.carter.martin/.npm/dd34a9c8-gulp-cli.lock
15 silly addNameRange { name: 'gulp-cli', range: '*', hasData: false }
16 verbose request where is /gulp-cli
17 verbose request registry https://registry.npmjs.org/
18 verbose request id 3b419fa0494dfa9b
19 verbose url raw /gulp-cli
20 verbose url resolving [ 'https://registry.npmjs.org/', './gulp-cli' ]
21 verbose url resolved https://registry.npmjs.org/gulp-cli
22 verbose request where is https://registry.npmjs.org/gulp-cli
23 info trying registry request attempt 1 at 17:18:04
24 verbose etag "EYF53GAFZUH8KICPPUSPOMXA6"
25 http GET https://registry.npmjs.org/gulp-cli
26 http 304 https://registry.npmjs.org/gulp-cli
27 silly registry.get cb [ 304,
27 silly registry.get   { date: 'Tue, 30 Jun 2015 00:18:04 GMT',
27 silly registry.get     via: '1.1 varnish',
27 silly registry.get     'cache-control': 'max-age=60',
27 silly registry.get     etag: '"EYF53GAFZUH8KICPPUSPOMXA6"',
27 silly registry.get     age: '0',
27 silly registry.get     connection: 'keep-alive',
27 silly registry.get     'x-served-by': 'cache-sjc3135-SJC',
27 silly registry.get     'x-cache': 'MISS',
27 silly registry.get     'x-cache-hits': '0',
27 silly registry.get     'x-timer': 'S1435623484.312413,VS0,VE37',
27 silly registry.get     vary: 'Accept' } ]
28 verbose etag https://registry.npmjs.org/gulp-cli from cache
29 silly addNameRange number 2 { name: 'gulp-cli', range: '*', hasData: true }
30 silly addNameRange versions [ 'gulp-cli', [ '0.1.0', '0.1.3', '0.1.4', '0.1.5', '0.2.0' ] ]
31 verbose addNamed [ 'gulp-cli', '0.2.0' ]
32 verbose addNamed [ '0.2.0', '0.2.0' ]
33 silly lockFile 6e4c32ed-gulp-cli-0-2-0 gulp-cli@0.2.0
34 verbose lock gulp-cli@0.2.0 /Users/jason.carter.martin/.npm/6e4c32ed-gulp-cli-0-2-0.lock
35 silly lockFile 6e4c32ed-gulp-cli-0-2-0 gulp-cli@0.2.0
36 silly lockFile 6e4c32ed-gulp-cli-0-2-0 gulp-cli@0.2.0
37 silly lockFile dd34a9c8-gulp-cli gulp-cli@
38 silly lockFile dd34a9c8-gulp-cli gulp-cli@
39 silly resolved [ { name: 'gulp-cli',
39 silly resolved     description: 'The streaming build system',
39 silly resolved     version: '0.2.0',
39 silly resolved     homepage: 'http://gulpjs.com',
39 silly resolved     repository: { type: 'git', url: 'https://github.com/gulpjs/gulp-cli' },
39 silly resolved     author:
39 silly resolved      { name: 'Fractal',
39 silly resolved        email: 'contact@wearefractal.com',
39 silly resolved        url: 'http://wearefractal.com/' },
39 silly resolved     tags: [ 'build', 'stream', 'system', 'make', 'tool', 'asset', 'pipeline' ],
39 silly resolved     files: [ 'index.js', 'lib', 'bin', 'completion' ],
39 silly resolved     bin: { gulp: 'bin/gulp.js' },
39 silly resolved     man: [ 'gulp.1' ],
39 silly resolved     dependencies:
39 silly resolved      { archy: '^1.0.0',
39 silly resolved        chalk: '^1.0.0',
39 silly resolved        'gulp-util': '^3.0.0',
39 silly resolved        interpret: '^0.4.1',
39 silly resolved        liftoff: '^2.0.0',
39 silly resolved        minimist: '^1.1.0',
39 silly resolved        'pretty-hrtime': '^0.2.0',
39 silly resolved        semver: '^4.1.0',
39 silly resolved        tildify: '^1.0.0',
39 silly resolved        v8flags: '^2.0.2' },
39 silly resolved     devDependencies:
39 silly resolved      { '6to5': '^2.9.4',
39 silly resolved        code: '^1.2.1',
39 silly resolved        coveralls: '^2.7.0',
39 silly resolved        gulp: '>=3.8.10',
39 silly resolved        istanbul: '^0.3.0',
39 silly resolved        jscs: '^1.11.3',
39 silly resolved        jshint: '^2.5.0',
39 silly resolved        'jshint-stylish': '^1.0.0',
39 silly resolved        lab: '^5.1.0',
39 silly resolved        'marked-man': '^0.1.3' },
39 silly resolved     scripts:
39 silly resolved      { prepublish: 'marked-man --name gulp docs/CLI.md > gulp.1',
39 silly resolved        lint: 'jshint lib index.js --reporter node_modules/jshint-stylish/stylish.js --exclude node_modules && jscs index.js lib bin test',
39 silly resolved        test: 'npm run-script lint && lab -cvm 5000',
39 silly resolved        coveralls: 'istanbul cover _mocha --report lcovonly -- -R spec && cat ./coverage/lcov.info | coveralls && rm -rf ./coverage' },
39 silly resolved     engines: { node: '>= 0.9' },
39 silly resolved     licenses: [ [Object] ],
39 silly resolved     gitHead: 'ef6fef27998309073d6c8c3606e57e3414c0e0a9',
39 silly resolved     bugs: { url: 'https://github.com/gulpjs/gulp-cli/issues' },
39 silly resolved     _id: 'gulp-cli@0.2.0',
39 silly resolved     _shasum: '1002a9bbb4e321ea1b58ec4aea8720107ed0de8e',
39 silly resolved     _from: 'gulp-cli@',
39 silly resolved     _npmVersion: '2.6.0',
39 silly resolved     _nodeVersion: '0.10.36',
39 silly resolved     _npmUser: { name: 'phated', email: 'blaine@iceddev.com' },
39 silly resolved     maintainers: [ [Object], [Object] ],
39 silly resolved     dist:
39 silly resolved      { shasum: '1002a9bbb4e321ea1b58ec4aea8720107ed0de8e',
39 silly resolved        tarball: 'http://registry.npmjs.org/gulp-cli/-/gulp-cli-0.2.0.tgz' },
39 silly resolved     directories: {},
39 silly resolved     _resolved: 'https://registry.npmjs.org/gulp-cli/-/gulp-cli-0.2.0.tgz',
39 silly resolved     readme: 'ERROR: No README data found!' } ]
40 info install gulp-cli@0.2.0 into /usr/local/lib
41 info installOne gulp-cli@0.2.0
42 verbose lib/node_modules/gulp-cli unbuild
43 info preuninstall gulp-cli@0.2.0
44 info uninstall gulp-cli@0.2.0
45 verbose true,/usr/local/lib/node_modules,/usr/local/lib/node_modules unbuild gulp-cli@0.2.0
46 verbose /usr/local/bin,[object Object] binRoot
47 verbose lib/node_modules/gulp-cli unbuild
48 info preuninstall gulp-cli@0.2.0
49 info uninstall gulp-cli@0.2.0
50 verbose true,/usr/local/lib/node_modules,/usr/local/lib/node_modules unbuild gulp-cli@0.2.0
51 verbose /usr/local/bin,[object Object] binRoot
52 error error rolling back Error: Refusing to delete: /usr/local/bin/gulp not in /usr/local/lib/node_modules/gulp-cli
52 error error rolling back     at clobberFail (/usr/local/lib/node_modules/npm/lib/utils/gently-rm.js:57:12)
52 error error rolling back     at next (/usr/local/lib/node_modules/npm/lib/utils/gently-rm.js:43:14)
52 error error rolling back     at /usr/local/lib/node_modules/npm/lib/utils/gently-rm.js:52:12
52 error error rolling back     at Object.oncomplete (evalmachine.<anonymous>:107:15)
52 error error rolling back  gulp-cli@0.2.0 { [Error: Refusing to delete: /usr/local/bin/gulp not in /usr/local/lib/node_modules/gulp-cli] code: 'EEXIST', path: '/usr/local/bin/gulp' }
53 error Refusing to delete: /usr/local/bin/gulp not in /usr/local/lib/node_modules/gulp-cli
File exists: /usr/local/bin/gulp
Move it away, and try again.
54 error System Darwin 14.0.0
55 error command "node" "/usr/local/bin/npm" "install" "-g" "gulp-cli"
56 error cwd /Users/jason.carter.martin/Dropbox/code/HackReactor/bobolinks/bobolink
57 error node -v v0.10.30
58 error npm -v 1.4.21
59 error path /usr/local/bin/gulp
60 error code EEXIST
61 verbose exit [ 1, true ]
